<?xml version="1.0" encoding="UTF-8"?>
<testng-results ignored="0" total="2" passed="2" failed="0" skipped="0">
  <reporter-output>
  </reporter-output>
  <suite started-at="2024-02-11T20:55:37 IST" name="Surefire suite" finished-at="2024-02-11T20:56:14 IST" duration-ms="36861">
    <groups>
    </groups>
    <test started-at="2024-02-11T20:55:37 IST" name="Surefire test" finished-at="2024-02-11T20:56:14 IST" duration-ms="36861">
      <class name="Extent_Reports.Search_Test">
        <test-method is-config="true" signature="beforeClass()[pri:0, instance:Extent_Reports.Search_Test@54c562f7]" started-at="2024-02-11T20:55:37 IST" name="beforeClass" finished-at="2024-02-11T20:56:03 IST" duration-ms="25879" status="PASS">
          <reporter-output>
          </reporter-output>
        </test-method> <!-- beforeClass -->
        <test-method signature="testSearch1()[pri:0, instance:Extent_Reports.Search_Test@54c562f7]" started-at="2024-02-11T20:56:03 IST" name="testSearch1" description="Search Jewelry" finished-at="2024-02-11T20:56:07 IST" duration-ms="4006" status="PASS">
          <reporter-output>
          </reporter-output>
        </test-method> <!-- testSearch1 -->
        <test-method signature="testSearch2()[pri:0, instance:Extent_Reports.Search_Test@54c562f7]" started-at="2024-02-11T20:56:07 IST" name="testSearch2" description="Search Apparel and shoe" finished-at="2024-02-11T20:56:11 IST" duration-ms="3679" status="PASS">
          <reporter-output>
          </reporter-output>
        </test-method> <!-- testSearch2 -->
        <test-method is-config="true" signature="afterClass()[pri:0, instance:Extent_Reports.Search_Test@54c562f7]" started-at="2024-02-11T20:56:11 IST" name="afterClass" finished-at="2024-02-11T20:56:14 IST" duration-ms="3136" status="PASS">
          <reporter-output>
          </reporter-output>
        </test-method> <!-- afterClass -->
      </class> <!-- Extent_Reports.Search_Test -->
    </test> <!-- Surefire test -->
  </suite> <!-- Surefire suite -->
</testng-results>
